time=2024-10-16T12:29:19.496+05:30 level=INFO module=nivindu_lakshitha/Backend.logger_writter message="MongoDB connection established."
time=2024-10-16T12:29:19.534+05:30 level=INFO module=nivindu_lakshitha/Backend.logger_writter message="Server started."
time=2024-10-16T12:29:20.197+05:30 level=INFO module=nivindu_lakshitha/Backend.logger_writter message="WebSocket server started."
time=2024-10-16T12:29:30.877+05:30 level=ERROR module=nivindu_lakshitha/Backend.logger_writter message="Connection is not alive."
time=2024-10-16T12:29:31.038+05:30 level=ERROR module=nivindu_lakshitha/Backend.logger_writter message="Connection is not alive."
time=2024-10-16T12:29:45.261+05:30 level=ERROR module=nivindu_lakshitha/Backend.logger_writter message="Connection is not alive."
time=2024-10-16T12:29:45.398+05:30 level=ERROR module=nivindu_lakshitha/Backend.logger_writter message="Connection is not alive."
time=2024-10-16T12:32:33.011+05:30 level=ERROR module=nivindu_lakshitha/Backend.logger_writter message="Connection is not alive."
time=2024-10-16T12:32:34.242+05:30 level=ERROR module=nivindu_lakshitha/Backend.logger_writter message="Connection is not alive."
time=2024-10-16T12:32:34.898+05:30 level=ERROR module=nivindu_lakshitha/Backend.logger_writter message="Connection is not alive."
time=2024-10-16T12:32:41.576+05:30 level=ERROR module=nivindu_lakshitha/Backend.logger_writter message="Connection is not alive."
time=2024-10-16T12:32:43.128+05:30 level=ERROR module=nivindu_lakshitha/Backend.logger_writter message="Connection is not alive."
time=2024-10-16T12:32:43.705+05:30 level=ERROR module=nivindu_lakshitha/Backend.logger_writter message="Connection is not alive."
time=2024-10-16T12:32:45.011+05:30 level=ERROR module=nivindu_lakshitha/Backend.logger_writter message="Connection is not alive."
time=2024-10-16T12:32:45.475+05:30 level=ERROR module=nivindu_lakshitha/Backend.logger_writter message="Connection is not alive."
time=2024-10-16T12:32:45.699+05:30 level=ERROR module=nivindu_lakshitha/Backend.logger_writter message="Connection is not alive."
time=2024-10-16T12:32:48.734+05:30 level=ERROR module=nivindu_lakshitha/Backend.logger_writter message="Connection is not alive."
time=2024-10-16T12:32:49.344+05:30 level=ERROR module=nivindu_lakshitha/Backend.logger_writter message="Connection is not alive."
time=2024-10-16T12:32:49.510+05:30 level=ERROR module=nivindu_lakshitha/Backend.logger_writter message="Connection is not alive."
time=2024-10-16T12:32:49.623+05:30 level=ERROR module=nivindu_lakshitha/Backend.logger_writter message="Connection is not alive."
time=2024-10-16T12:32:50.158+05:30 level=ERROR module=nivindu_lakshitha/Backend.logger_writter message="Connection is not alive."
time=2024-10-16T12:33:00.449+05:30 level=ERROR module=nivindu_lakshitha/Backend.logger_writter message="Connection is not alive."
time=2024-10-16T12:33:00.562+05:30 level=ERROR module=nivindu_lakshitha/Backend.logger_writter message="Connection is not alive."
time=2024-10-16T12:33:11.254+05:30 level=ERROR module=nivindu_lakshitha/Backend.logger_writter message="Connection is not alive."
time=2024-10-16T12:33:11.363+05:30 level=ERROR module=nivindu_lakshitha/Backend.logger_writter message="Connection is not alive."
time=2024-10-16T12:33:41.665+05:30 level=ERROR module=nivindu_lakshitha/Backend.logger_writter message="Connection is not alive."
time=2024-10-16T12:33:41.788+05:30 level=ERROR module=nivindu_lakshitha/Backend.logger_writter message="Connection is not alive."
time=2024-10-16T12:33:42.075+05:30 level=ERROR module=nivindu_lakshitha/Backend.logger_writter message="Connection is not alive."
time=2024-10-16T12:33:42.185+05:30 level=ERROR module=nivindu_lakshitha/Backend.logger_writter message="Connection is not alive."
time=2024-10-16T12:34:38.987+05:30 level=ERROR module=nivindu_lakshitha/Backend.logger_writter message="Connection is not alive."
time=2024-10-16T12:34:39.116+05:30 level=ERROR module=nivindu_lakshitha/Backend.logger_writter message="Connection is not alive."
time=2024-10-16T12:34:39.402+05:30 level=ERROR module=nivindu_lakshitha/Backend.logger_writter message="Connection is not alive."
time=2024-10-16T12:34:39.513+05:30 level=ERROR module=nivindu_lakshitha/Backend.logger_writter message="Connection is not alive."
time=2024-10-16T12:34:44.275+05:30 level=ERROR module=nivindu_lakshitha/Backend.logger_writter message="Connection is not alive."
time=2024-10-16T12:34:45.294+05:30 level=ERROR module=nivindu_lakshitha/Backend.logger_writter message="Connection is not alive."
time=2024-10-16T12:34:45.518+05:30 level=ERROR module=nivindu_lakshitha/Backend.logger_writter message="Connection is not alive."
time=2024-10-16T12:34:45.683+05:30 level=ERROR module=nivindu_lakshitha/Backend.logger_writter message="Connection is not alive."
time=2024-10-16T12:35:02.059+05:30 level=INFO module=nivindu_lakshitha/Backend.logger_writter message="Authorization successful: Bearer eyJhbGciOiJIUzI1NiIsInR5cCI6IkpXVCJ9.eyJpYXQiOjE3MjkwNjIzMDF9.GZIVp2caeJqMAKPoDA5kdibz8BpdQP-Kl47-y9m0MeQ"
time=2024-10-16T12:35:02.177+05:30 level=INFO module=nivindu_lakshitha/Backend.logger_writter message="Authorization successful: Bearer eyJhbGciOiJIUzI1NiIsInR5cCI6IkpXVCJ9.eyJpYXQiOjE3MjkwNjIzMDJ9.wEp7WWPGtpA06ztWOFcrrup1Ypb5Oz-LUFFqwzXg0C4"
time=2024-10-16T12:35:03.775+05:30 level=INFO module=nivindu_lakshitha/Backend.logger_writter message="Document count successfully. Query: {\"email\":\"admin@localhost\"}"
time=2024-10-16T12:35:03.781+05:30 level=ERROR module=nivindu_lakshitha/Backend.logger_writter message="User already exists."
time=2024-10-16T12:35:03.976+05:30 level=INFO module=nivindu_lakshitha/Backend.logger_writter message="Document count successfully. Query: {\"email\":\"admin@localhost\"}"
time=2024-10-16T12:35:03.982+05:30 level=ERROR module=nivindu_lakshitha/Backend.logger_writter message="User already exists."
time=2024-10-16T12:35:04.226+05:30 level=INFO module=nivindu_lakshitha/Backend.logger_writter message="Document count successfully. Query: {\"email\":\"admin@localhost\"}"
time=2024-10-16T12:35:04.231+05:30 level=ERROR module=nivindu_lakshitha/Backend.logger_writter message="User already exists."
time=2024-10-16T12:35:05.057+05:30 level=INFO module=nivindu_lakshitha/Backend.logger_writter message="Document count successfully. Query: {\"email\":\"admin@localhost\"}"
time=2024-10-16T12:35:05.062+05:30 level=ERROR module=nivindu_lakshitha/Backend.logger_writter message="User already exists."
time=2024-10-16T12:35:17.713+05:30 level=INFO module=nivindu_lakshitha/Backend.logger_writter message="Authorization successful: Bearer eyJhbGciOiJIUzI1NiIsInR5cCI6IkpXVCJ9.eyJpYXQiOjE3MjkwNjIzMTd9.-9lODh4KJUoFqQgzUJSip7P4FuNFIMYDnHGDni7gGow"
time=2024-10-16T12:35:17.814+05:30 level=INFO module=nivindu_lakshitha/Backend.logger_writter message="Authorization successful: Bearer eyJhbGciOiJIUzI1NiIsInR5cCI6IkpXVCJ9.eyJpYXQiOjE3MjkwNjIzMTd9.-9lODh4KJUoFqQgzUJSip7P4FuNFIMYDnHGDni7gGow"
time=2024-10-16T12:36:02.279+05:30 level=INFO module=nivindu_lakshitha/Backend.logger_writter message="Authorization successful: Bearer eyJhbGciOiJIUzI1NiIsInR5cCI6IkpXVCJ9.eyJpYXQiOjE3MjkwNjIzNjJ9.X016WaFkqaQNArxFIcLa976qotmxXhxjemNu9LyiPZo"
time=2024-10-16T12:36:02.387+05:30 level=INFO module=nivindu_lakshitha/Backend.logger_writter message="Authorization successful: Bearer eyJhbGciOiJIUzI1NiIsInR5cCI6IkpXVCJ9.eyJpYXQiOjE3MjkwNjIzNjJ9.X016WaFkqaQNArxFIcLa976qotmxXhxjemNu9LyiPZo"
time=2024-10-16T12:36:02.514+05:30 level=INFO module=nivindu_lakshitha/Backend.logger_writter message="Authorization successful: Bearer eyJhbGciOiJIUzI1NiIsInR5cCI6IkpXVCJ9.eyJpYXQiOjE3MjkwNjIzNjJ9.X016WaFkqaQNArxFIcLa976qotmxXhxjemNu9LyiPZo"
time=2024-10-16T12:36:02.626+05:30 level=INFO module=nivindu_lakshitha/Backend.logger_writter message="Authorization successful: Bearer eyJhbGciOiJIUzI1NiIsInR5cCI6IkpXVCJ9.eyJpYXQiOjE3MjkwNjIzNjJ9.X016WaFkqaQNArxFIcLa976qotmxXhxjemNu9LyiPZo"
time=2024-10-16T12:36:22.967+05:30 level=INFO module=nivindu_lakshitha/Backend.logger_writter message="Document count successfully. Query: {\"email\":\"admin@localhost\"}"
time=2024-10-16T12:36:23.106+05:30 level=INFO module=nivindu_lakshitha/Backend.logger_writter message="Document retrieved successfully. {\"id\":\"OFXoLbp7T10we2azcWboP\", \"tagname\":\"1uI6JyAWAsN\", \"fullname\":\"Admin\", \"email\":\"admin@localhost\", \"password\":\"admin\", \"websocketId\":null, \"jwtoken\":null}"
time=2024-10-16T12:36:23.840+05:30 level=INFO module=nivindu_lakshitha/Backend.logger_writter message="Document count successfully. Query: {\"email\":\"admin@localhost\"}"
time=2024-10-16T12:36:23.927+05:30 level=INFO module=nivindu_lakshitha/Backend.logger_writter message="Document retrieved successfully. {\"id\":\"2JFNp1sKZBqEJUMPnJVfq\", \"tagname\":\"tDFNaEKsAfj\", \"fullname\":\"Admin\", \"email\":\"admin@localhost\", \"password\":\"admin\", \"websocketId\":null, \"jwtoken\":null}"
time=2024-10-16T12:36:24.043+05:30 level=INFO module=nivindu_lakshitha/Backend.logger_writter message="Authorization successful: Bearer eyJhbGciOiJIUzI1NiIsInR5cCI6IkpXVCJ9.eyJpYXQiOjE3MjkwNjIzODR9.BPBKAiCJf_DR95bYRNPUinRQ_ucq8Wx62ikjGVSC9Rk"
time=2024-10-16T12:36:24.178+05:30 level=INFO module=nivindu_lakshitha/Backend.logger_writter message="Authorization successful: Bearer eyJhbGciOiJIUzI1NiIsInR5cCI6IkpXVCJ9.eyJpYXQiOjE3MjkwNjIzODR9.BPBKAiCJf_DR95bYRNPUinRQ_ucq8Wx62ikjGVSC9Rk"
time=2024-10-16T12:36:24.541+05:30 level=INFO module=nivindu_lakshitha/Backend.logger_writter message="Document count successfully. Query: {\"email\":\"admin@localhost\"}"
time=2024-10-16T12:36:24.651+05:30 level=INFO module=nivindu_lakshitha/Backend.logger_writter message="Document retrieved successfully. {\"id\":\"17wOxQLWF3yhFEmMMOYgU\", \"tagname\":\"0kUZus3OU2K\", \"fullname\":\"Admin\", \"email\":\"admin@localhost\", \"password\":\"admin\", \"websocketId\":null, \"jwtoken\":null}"
time=2024-10-16T12:36:24.824+05:30 level=INFO module=nivindu_lakshitha/Backend.logger_writter message="Document count successfully. Query: {\"email\":\"admin@localhost\"}"
time=2024-10-16T12:36:24.911+05:30 level=INFO module=nivindu_lakshitha/Backend.logger_writter message="Document retrieved successfully. {\"id\":\"SumzYNSDd3W8epYKWKLYR\", \"tagname\":\"bPuJCHSd1lf\", \"fullname\":\"Admin\", \"email\":\"admin@localhost\", \"password\":\"admin\", \"websocketId\":null, \"jwtoken\":null}"
time=2024-10-16T12:37:46.973+05:30 level=INFO module=nivindu_lakshitha/Backend.logger_writter message="Authorization successful: Bearer eyJhbGciOiJIUzI1NiIsInR5cCI6IkpXVCJ9.eyJpYXQiOjE3MjkwNjI0NjZ9.RKxzUKzNrL1XmLrTi3yfJjnWLKl2-8eBTW203jE0Xno"
time=2024-10-16T12:37:47.063+05:30 level=INFO module=nivindu_lakshitha/Backend.logger_writter message="Authorization successful: Bearer eyJhbGciOiJIUzI1NiIsInR5cCI6IkpXVCJ9.eyJpYXQiOjE3MjkwNjI0Njd9._bWto9XPrSXIyyag4WrLAO-NznBLbFwEaH9hL7A4WcQ"
time=2024-10-16T12:37:47.444+05:30 level=INFO module=nivindu_lakshitha/Backend.logger_writter message="Document count successfully. Query: {\"email\":\"admin@localhost\"}"
time=2024-10-16T12:37:47.526+05:30 level=INFO module=nivindu_lakshitha/Backend.logger_writter message="Document retrieved successfully. {\"id\":\"UyvpXeiyQPsYvk2WEvbq6\", \"tagname\":\"HIlQiYnNbzn\", \"fullname\":\"Admin\", \"email\":\"admin@localhost\", \"password\":\"admin\", \"websocketId\":null, \"jwtoken\":null}"
time=2024-10-16T12:37:48.978+05:30 level=INFO module=nivindu_lakshitha/Backend.logger_writter message="Document count successfully. Query: {\"email\":\"admin@localhost\"}"
time=2024-10-16T12:37:49.106+05:30 level=INFO module=nivindu_lakshitha/Backend.logger_writter message="Document retrieved successfully. {\"id\":\"EdpffyYe7Qd00C1TPlyRi\", \"tagname\":\"nSk5YnfAc3l\", \"fullname\":\"Admin\", \"email\":\"admin@localhost\", \"password\":\"admin\", \"websocketId\":null, \"jwtoken\":null}"
time=2024-10-16T12:37:49.381+05:30 level=INFO module=nivindu_lakshitha/Backend.logger_writter message="Document count successfully. Query: {\"email\":\"admin@localhost\"}"
time=2024-10-16T12:37:49.484+05:30 level=INFO module=nivindu_lakshitha/Backend.logger_writter message="Document retrieved successfully. {\"id\":\"xndN5RY5DTneJwzFageoO\", \"tagname\":\"r21oPnIzXH5\", \"fullname\":\"Admin\", \"email\":\"admin@localhost\", \"password\":\"admin\", \"websocketId\":null, \"jwtoken\":null}"
time=2024-10-16T12:37:49.707+05:30 level=INFO module=nivindu_lakshitha/Backend.logger_writter message="Document count successfully. Query: {\"email\":\"admin@localhost\"}"
time=2024-10-16T12:37:49.810+05:30 level=INFO module=nivindu_lakshitha/Backend.logger_writter message="Document retrieved successfully. {\"id\":\"KuVkb6fQHsXKW76luscGl\", \"tagname\":\"5wjtJPwucLj\", \"fullname\":\"Admin\", \"email\":\"admin@localhost\", \"password\":\"admin\", \"websocketId\":null, \"jwtoken\":null}"
time=2024-10-16T12:38:50.764+05:30 level=INFO module=nivindu_lakshitha/Backend.logger_writter message="Authorization successful: Bearer eyJhbGciOiJIUzI1NiIsInR5cCI6IkpXVCJ9.eyJpYXQiOjE3MjkwNjI1MzB9.fWXGs7mA6RFdRTYxzi86KE6q-srq63KcN1DmGx_k_lw"
time=2024-10-16T12:38:50.902+05:30 level=INFO module=nivindu_lakshitha/Backend.logger_writter message="Authorization successful: Bearer eyJhbGciOiJIUzI1NiIsInR5cCI6IkpXVCJ9.eyJpYXQiOjE3MjkwNjI1MzB9.fWXGs7mA6RFdRTYxzi86KE6q-srq63KcN1DmGx_k_lw"
time=2024-10-16T12:38:51.147+05:30 level=INFO module=nivindu_lakshitha/Backend.logger_writter message="Document count successfully. Query: {\"email\":\"admin@localhost\"}"
time=2024-10-16T12:38:51.244+05:30 level=INFO module=nivindu_lakshitha/Backend.logger_writter message="Document retrieved successfully. {\"id\":\"bUIhkW0oHYUXrPryLz3uL\", \"tagname\":\"7wexqoxMX1h\", \"fullname\":\"Admin\", \"email\":\"admin@localhost\", \"password\":\"admin\", \"websocketId\":null, \"jwtoken\":null}"
time=2024-10-16T12:38:52.496+05:30 level=INFO module=nivindu_lakshitha/Backend.logger_writter message="Document count successfully. Query: {\"email\":\"admin@localhost\"}"
time=2024-10-16T12:38:52.593+05:30 level=INFO module=nivindu_lakshitha/Backend.logger_writter message="Document retrieved successfully. {\"id\":\"DxuFkwcqcZD4FLEwTXKaw\", \"tagname\":\"3QGrvNLZFRN\", \"fullname\":\"Admin\", \"email\":\"admin@localhost\", \"password\":\"admin\", \"websocketId\":null, \"jwtoken\":null}"
time=2024-10-16T12:39:18.435+05:30 level=INFO module=nivindu_lakshitha/Backend.logger_writter message="Authorization successful: Bearer eyJhbGciOiJIUzI1NiIsInR5cCI6IkpXVCJ9.eyJpYXQiOjE3MjkwNjI1NTh9.lF1prU6fVzF7kEh_emHtlIxbHrXA80PhVURsY6RPD3w"
time=2024-10-16T12:39:18.952+05:30 level=INFO module=nivindu_lakshitha/Backend.logger_writter message="Authorization successful: Bearer eyJhbGciOiJIUzI1NiIsInR5cCI6IkpXVCJ9.eyJpYXQiOjE3MjkwNjI1NTh9.lF1prU6fVzF7kEh_emHtlIxbHrXA80PhVURsY6RPD3w"
time=2024-10-16T12:39:23.715+05:30 level=INFO module=nivindu_lakshitha/Backend.logger_writter message="Document count successfully. Query: {\"email\":\"admin@localhost\"}"
time=2024-10-16T12:39:23.843+05:30 level=INFO module=nivindu_lakshitha/Backend.logger_writter message="Document retrieved successfully. {\"id\":\"HQGjFoaKDjSsjNefQZnRJ\", \"tagname\":\"ycrgL6EtdEP\", \"fullname\":\"Admin\", \"email\":\"admin@localhost\", \"password\":\"admin\", \"websocketId\":null, \"jwtoken\":null}"
time=2024-10-16T12:39:24.126+05:30 level=INFO module=nivindu_lakshitha/Backend.logger_writter message="Document count successfully. Query: {\"email\":\"admin@localhost\"}"
time=2024-10-16T12:39:24.300+05:30 level=INFO module=nivindu_lakshitha/Backend.logger_writter message="Document retrieved successfully. {\"id\":\"BFbCcvYXgpbX6kV4NcbYc\", \"tagname\":\"cDM4j132bkP\", \"fullname\":\"Admin\", \"email\":\"admin@localhost\", \"password\":\"admin\", \"websocketId\":null, \"jwtoken\":null}"
time=2024-10-16T12:39:24.424+05:30 level=INFO module=nivindu_lakshitha/Backend.logger_writter message="Authorization successful: Bearer eyJhbGciOiJIUzI1NiIsInR5cCI6IkpXVCJ9.eyJpYXQiOjE3MjkwNjI1NjR9.rfhV7-0gxLUbaZRVSAicAcEs5WE47FGTI086jrr3TXA"
time=2024-10-16T12:39:24.566+05:30 level=INFO module=nivindu_lakshitha/Backend.logger_writter message="Authorization successful: Bearer eyJhbGciOiJIUzI1NiIsInR5cCI6IkpXVCJ9.eyJpYXQiOjE3MjkwNjI1NjR9.rfhV7-0gxLUbaZRVSAicAcEs5WE47FGTI086jrr3TXA"
time=2024-10-16T12:39:24.822+05:30 level=INFO module=nivindu_lakshitha/Backend.logger_writter message="Document count successfully. Query: {\"email\":\"admin@localhost\"}"
time=2024-10-16T12:39:25.002+05:30 level=INFO module=nivindu_lakshitha/Backend.logger_writter message="Document retrieved successfully. {\"id\":\"NqhhVbKRNpj3o1FkBmFJ6\", \"tagname\":\"JhmkR3S6oD7\", \"fullname\":\"Admin\", \"email\":\"admin@localhost\", \"password\":\"admin\", \"websocketId\":null, \"jwtoken\":null}"
time=2024-10-16T12:39:25.255+05:30 level=INFO module=nivindu_lakshitha/Backend.logger_writter message="Document count successfully. Query: {\"email\":\"admin@localhost\"}"
time=2024-10-16T12:39:25.391+05:30 level=INFO module=nivindu_lakshitha/Backend.logger_writter message="Document retrieved successfully. {\"id\":\"FYUrcrmjO2yTdjCaZEhVk\", \"tagname\":\"5yjFehdjqKM\", \"fullname\":\"Admin\", \"email\":\"admin@localhost\", \"password\":\"admin\", \"websocketId\":null, \"jwtoken\":null}"
time=2024-10-16T12:39:25.498+05:30 level=INFO module=nivindu_lakshitha/Backend.logger_writter message="Authorization successful: Bearer eyJhbGciOiJIUzI1NiIsInR5cCI6IkpXVCJ9.eyJpYXQiOjE3MjkwNjI1NjV9.5oSBGMJ0_2mRuaGRVA_P6_yBROfCLzRDTYbQFi0H7bk"
time=2024-10-16T12:39:25.579+05:30 level=INFO module=nivindu_lakshitha/Backend.logger_writter message="Authorization successful: Bearer eyJhbGciOiJIUzI1NiIsInR5cCI6IkpXVCJ9.eyJpYXQiOjE3MjkwNjI1NjV9.5oSBGMJ0_2mRuaGRVA_P6_yBROfCLzRDTYbQFi0H7bk"
time=2024-10-16T12:39:25.782+05:30 level=INFO module=nivindu_lakshitha/Backend.logger_writter message="Document count successfully. Query: {\"email\":\"admin@localhost\"}"
time=2024-10-16T12:39:25.917+05:30 level=INFO module=nivindu_lakshitha/Backend.logger_writter message="Document retrieved successfully. {\"id\":\"3z4PpQ66gwWOzNzMUhuZt\", \"tagname\":\"wkOtYMst5PW\", \"fullname\":\"Admin\", \"email\":\"admin@localhost\", \"password\":\"admin\", \"websocketId\":null, \"jwtoken\":null}"
time=2024-10-16T12:39:27.155+05:30 level=INFO module=nivindu_lakshitha/Backend.logger_writter message="Document count successfully. Query: {\"email\":\"admin@localhost\"}"
time=2024-10-16T12:39:27.279+05:30 level=INFO module=nivindu_lakshitha/Backend.logger_writter message="Document retrieved successfully. {\"id\":\"4CnjekFW44lUCnfC4YZI5\", \"tagname\":\"H6T6iPR10mp\", \"fullname\":\"Admin\", \"email\":\"admin@localhost\", \"password\":\"admin\", \"websocketId\":null, \"jwtoken\":null}"
time=2024-10-16T12:39:28.936+05:30 level=INFO module=nivindu_lakshitha/Backend.logger_writter message="Authorization successful: Bearer eyJhbGciOiJIUzI1NiIsInR5cCI6IkpXVCJ9.eyJpYXQiOjE3MjkwNjI1Njh9.4ezGoprxFsO8i6Tf8zHdu0zIx-jD5rB2fcVZhRxLDTg"
time=2024-10-16T12:39:29.061+05:30 level=INFO module=nivindu_lakshitha/Backend.logger_writter message="Authorization successful: Bearer eyJhbGciOiJIUzI1NiIsInR5cCI6IkpXVCJ9.eyJpYXQiOjE3MjkwNjI1Njl9.KtI91UNTuQXdKgmqM5ZIVcG5Q2Vgyyu0ImDvIWOTdT8"
time=2024-10-16T12:39:29.257+05:30 level=INFO module=nivindu_lakshitha/Backend.logger_writter message="Document count successfully. Query: {\"email\":\"admin@localhost\"}"
time=2024-10-16T12:39:29.354+05:30 level=INFO module=nivindu_lakshitha/Backend.logger_writter message="Document retrieved successfully. {\"id\":\"dsKqqqVLCiL8nqLxcpwgn\", \"tagname\":\"UyxjQzDaAaF\", \"fullname\":\"Admin\", \"email\":\"admin@localhost\", \"password\":\"admin\", \"websocketId\":null, \"jwtoken\":null}"
time=2024-10-16T12:39:29.592+05:30 level=INFO module=nivindu_lakshitha/Backend.logger_writter message="Document count successfully. Query: {\"email\":\"admin@localhost\"}"
time=2024-10-16T12:39:29.681+05:30 level=INFO module=nivindu_lakshitha/Backend.logger_writter message="Document retrieved successfully. {\"id\":\"UZh3VLijVQBnLFSYHdfTI\", \"tagname\":\"vjVkMRGwa0o\", \"fullname\":\"Admin\", \"email\":\"admin@localhost\", \"password\":\"admin\", \"websocketId\":null, \"jwtoken\":null}"
time=2024-10-16T12:42:28.533+05:30 level=ERROR module=ballerina/http message="unhandled error returned from the service" error={"causes":[],"message":"Http header does not exist","detail":{},"stackTrace":[{"callableName":"externRequestGetHeader","moduleName":"ballerina.http.2","fileName":"http_request.bal","lineNumber":733},{"callableName":"getHeader","moduleName":"ballerina.http.2.Request","fileName":"http_request.bal","lineNumber":146},{"callableName":"$get$authorize","moduleName":"nivindu_lakshitha.Backend.0.$anonType$_2","fileName":"server.bal","lineNumber":35}]} path="/authorize" method="GET"
time=2024-10-16T12:42:28.804+05:30 level=ERROR module=ballerina/http message="unhandled error returned from the service" error={"causes":[],"message":"Http header does not exist","detail":{},"stackTrace":[{"callableName":"externRequestGetHeader","moduleName":"ballerina.http.2","fileName":"http_request.bal","lineNumber":733},{"callableName":"getHeader","moduleName":"ballerina.http.2.Request","fileName":"http_request.bal","lineNumber":146},{"callableName":"$get$authorize","moduleName":"nivindu_lakshitha.Backend.0.$anonType$_2","fileName":"server.bal","lineNumber":35}]} path="/authorize" method="GET"
time=2024-10-16T12:43:43.700+05:30 level=ERROR module=ballerina/http message="unhandled error returned from the service" error={"causes":[],"message":"Http header does not exist","detail":{},"stackTrace":[{"callableName":"externRequestGetHeader","moduleName":"ballerina.http.2","fileName":"http_request.bal","lineNumber":733},{"callableName":"getHeader","moduleName":"ballerina.http.2.Request","fileName":"http_request.bal","lineNumber":146},{"callableName":"$get$authorize","moduleName":"nivindu_lakshitha.Backend.0.$anonType$_2","fileName":"server.bal","lineNumber":35}]} path="/authorize" method="GET"
time=2024-10-16T12:43:43.869+05:30 level=ERROR module=ballerina/http message="unhandled error returned from the service" error={"causes":[],"message":"Http header does not exist","detail":{},"stackTrace":[{"callableName":"externRequestGetHeader","moduleName":"ballerina.http.2","fileName":"http_request.bal","lineNumber":733},{"callableName":"getHeader","moduleName":"ballerina.http.2.Request","fileName":"http_request.bal","lineNumber":146},{"callableName":"$get$authorize","moduleName":"nivindu_lakshitha.Backend.0.$anonType$_2","fileName":"server.bal","lineNumber":35}]} path="/authorize" method="GET"
time=2024-10-16T12:43:44.352+05:30 level=ERROR module=ballerina/http message="unhandled error returned from the service" error={"causes":[],"message":"Http header does not exist","detail":{},"stackTrace":[{"callableName":"externRequestGetHeader","moduleName":"ballerina.http.2","fileName":"http_request.bal","lineNumber":733},{"callableName":"getHeader","moduleName":"ballerina.http.2.Request","fileName":"http_request.bal","lineNumber":146},{"callableName":"$get$authorize","moduleName":"nivindu_lakshitha.Backend.0.$anonType$_2","fileName":"server.bal","lineNumber":35}]} path="/authorize" method="GET"
time=2024-10-16T12:43:44.772+05:30 level=ERROR module=ballerina/http message="unhandled error returned from the service" error={"causes":[],"message":"Http header does not exist","detail":{},"stackTrace":[{"callableName":"externRequestGetHeader","moduleName":"ballerina.http.2","fileName":"http_request.bal","lineNumber":733},{"callableName":"getHeader","moduleName":"ballerina.http.2.Request","fileName":"http_request.bal","lineNumber":146},{"callableName":"$get$authorize","moduleName":"nivindu_lakshitha.Backend.0.$anonType$_2","fileName":"server.bal","lineNumber":35}]} path="/authorize" method="GET"
time=2024-10-16T12:43:52.319+05:30 level=ERROR module=ballerina/http message="unhandled error returned from the service" error={"causes":[],"message":"Http header does not exist","detail":{},"stackTrace":[{"callableName":"externRequestGetHeader","moduleName":"ballerina.http.2","fileName":"http_request.bal","lineNumber":733},{"callableName":"getHeader","moduleName":"ballerina.http.2.Request","fileName":"http_request.bal","lineNumber":146},{"callableName":"$get$authorize","moduleName":"nivindu_lakshitha.Backend.0.$anonType$_2","fileName":"server.bal","lineNumber":35}]} path="/authorize" method="GET"
time=2024-10-16T12:43:52.543+05:30 level=ERROR module=ballerina/http message="unhandled error returned from the service" error={"causes":[],"message":"Http header does not exist","detail":{},"stackTrace":[{"callableName":"externRequestGetHeader","moduleName":"ballerina.http.2","fileName":"http_request.bal","lineNumber":733},{"callableName":"getHeader","moduleName":"ballerina.http.2.Request","fileName":"http_request.bal","lineNumber":146},{"callableName":"$get$authorize","moduleName":"nivindu_lakshitha.Backend.0.$anonType$_2","fileName":"server.bal","lineNumber":35}]} path="/authorize" method="GET"
time=2024-10-16T12:43:55.490+05:30 level=ERROR module=ballerina/http message="unhandled error returned from the service" error={"causes":[],"message":"Http header does not exist","detail":{},"stackTrace":[{"callableName":"externRequestGetHeader","moduleName":"ballerina.http.2","fileName":"http_request.bal","lineNumber":733},{"callableName":"getHeader","moduleName":"ballerina.http.2.Request","fileName":"http_request.bal","lineNumber":146},{"callableName":"$get$authorize","moduleName":"nivindu_lakshitha.Backend.0.$anonType$_2","fileName":"server.bal","lineNumber":35}]} path="/authorize" method="GET"
time=2024-10-16T12:43:56.679+05:30 level=ERROR module=ballerina/http message="unhandled error returned from the service" error={"causes":[],"message":"Http header does not exist","detail":{},"stackTrace":[{"callableName":"externRequestGetHeader","moduleName":"ballerina.http.2","fileName":"http_request.bal","lineNumber":733},{"callableName":"getHeader","moduleName":"ballerina.http.2.Request","fileName":"http_request.bal","lineNumber":146},{"callableName":"$get$authorize","moduleName":"nivindu_lakshitha.Backend.0.$anonType$_2","fileName":"server.bal","lineNumber":35}]} path="/authorize" method="GET"
time=2024-10-16T12:46:11.335+05:30 level=INFO module=nivindu_lakshitha/Backend.logger_writter message="Authorization successful: Bearer eyJhbGciOiJIUzI1NiIsInR5cCI6IkpXVCJ9.eyJpYXQiOjE3MjkwNjI5NzF9.k_K736dTLcbuPPGAi2H6lBWYdfi1yZmn-noi2SbYVpU"
time=2024-10-16T12:46:12.681+05:30 level=INFO module=nivindu_lakshitha/Backend.logger_writter message="Authorization successful: Bearer eyJhbGciOiJIUzI1NiIsInR5cCI6IkpXVCJ9.eyJpYXQiOjE3MjkwNjI5NzJ9.dqx_3vhY3acb-2VKtcVKR81QRWcRoc-6GP0kurvJxOE"
time=2024-10-16T12:46:15.157+05:30 level=INFO module=nivindu_lakshitha/Backend.logger_writter message="Authorization successful: Bearer eyJhbGciOiJIUzI1NiIsInR5cCI6IkpXVCJ9.eyJpYXQiOjE3MjkwNjI5NzV9.-99MesAvhkMJaubJkD8QwaBGbdxVy5MfMZIEWt3MUFI"
time=2024-10-16T12:46:15.283+05:30 level=INFO module=nivindu_lakshitha/Backend.logger_writter message="Authorization successful: Bearer eyJhbGciOiJIUzI1NiIsInR5cCI6IkpXVCJ9.eyJpYXQiOjE3MjkwNjI5NzV9.-99MesAvhkMJaubJkD8QwaBGbdxVy5MfMZIEWt3MUFI"
time=2024-10-16T12:46:15.580+05:30 level=INFO module=nivindu_lakshitha/Backend.logger_writter message="Document count successfully. Query: {\"email\":\"admin@localhost\"}"
time=2024-10-16T12:46:15.664+05:30 level=INFO module=nivindu_lakshitha/Backend.logger_writter message="Document retrieved successfully. {\"id\":\"FunzEwLwESFR0ruzll4XO\", \"tagname\":\"ldeE8Lrtuq4\", \"fullname\":\"Admin\", \"email\":\"admin@localhost\", \"password\":\"admin\", \"websocketId\":null, \"jwtoken\":null}"
time=2024-10-16T12:46:15.872+05:30 level=INFO module=nivindu_lakshitha/Backend.logger_writter message="Document count successfully. Query: {\"email\":\"admin@localhost\"}"
time=2024-10-16T12:46:15.946+05:30 level=INFO module=nivindu_lakshitha/Backend.logger_writter message="Document retrieved successfully. {\"id\":\"ghTVoWwdM6ixgMafmcY8X\", \"tagname\":\"IWrOMWVKvZd\", \"fullname\":\"Admin\", \"email\":\"admin@localhost\", \"password\":\"admin\", \"websocketId\":null, \"jwtoken\":null}"
time=2024-10-16T12:46:16.183+05:30 level=INFO module=nivindu_lakshitha/Backend.logger_writter message="Document count successfully. Query: {\"email\":\"admin@localhost\"}"
time=2024-10-16T12:46:16.288+05:30 level=INFO module=nivindu_lakshitha/Backend.logger_writter message="Document retrieved successfully. {\"id\":\"bI2u4Q7FStXcyub3RLf6f\", \"tagname\":\"8FOzAXEWkWn\", \"fullname\":\"Admin\", \"email\":\"admin@localhost\", \"password\":\"admin\", \"websocketId\":null, \"jwtoken\":null}"
time=2024-10-16T12:46:16.487+05:30 level=INFO module=nivindu_lakshitha/Backend.logger_writter message="Document count successfully. Query: {\"email\":\"admin@localhost\"}"
time=2024-10-16T12:46:16.598+05:30 level=INFO module=nivindu_lakshitha/Backend.logger_writter message="Document retrieved successfully. {\"id\":\"ISk51MLMiYPGZXCwI32bE\", \"tagname\":\"5Lf5dsAlRqa\", \"fullname\":\"Admin\", \"email\":\"admin@localhost\", \"password\":\"admin\", \"websocketId\":null, \"jwtoken\":null}"
time=2024-10-16T12:46:31.131+05:30 level=INFO module=nivindu_lakshitha/Backend.logger_writter message="Authorization successful: Bearer eyJhbGciOiJIUzI1NiIsInR5cCI6IkpXVCJ9.eyJpYXQiOjE3MjkwNjI5OTF9.eZQci4a8X9Hcvr4gLNCKoTZsS_2zkgWod6IHY1g38gU"
time=2024-10-16T12:46:31.229+05:30 level=INFO module=nivindu_lakshitha/Backend.logger_writter message="Authorization successful: Bearer eyJhbGciOiJIUzI1NiIsInR5cCI6IkpXVCJ9.eyJpYXQiOjE3MjkwNjI5OTF9.eZQci4a8X9Hcvr4gLNCKoTZsS_2zkgWod6IHY1g38gU"
time=2024-10-16T12:46:31.519+05:30 level=INFO module=nivindu_lakshitha/Backend.logger_writter message="Document count successfully. Query: {\"email\":\"admin@localhost\"}"
time=2024-10-16T12:46:31.704+05:30 level=INFO module=nivindu_lakshitha/Backend.logger_writter message="Document retrieved successfully. {\"id\":\"VzHtHfHCeuMedUGtYkI2A\", \"tagname\":\"YZsXk0LSSXc\", \"fullname\":\"Admin\", \"email\":\"admin@localhost\", \"password\":\"admin\", \"websocketId\":null, \"jwtoken\":null}"
time=2024-10-16T12:46:31.924+05:30 level=INFO module=nivindu_lakshitha/Backend.logger_writter message="Document count successfully. Query: {\"email\":\"admin@localhost\"}"
time=2024-10-16T12:46:32.033+05:30 level=INFO module=nivindu_lakshitha/Backend.logger_writter message="Document retrieved successfully. {\"id\":\"EULMqxO0BpbnU4SDtmMe5\", \"tagname\":\"eWpMmwWTJzR\", \"fullname\":\"Admin\", \"email\":\"admin@localhost\", \"password\":\"admin\", \"websocketId\":null, \"jwtoken\":null}"
time=2024-10-16T12:46:37.182+05:30 level=INFO module=nivindu_lakshitha/Backend.logger_writter message="Authorization successful: Bearer eyJhbGciOiJIUzI1NiIsInR5cCI6IkpXVCJ9.eyJpYXQiOjE3MjkwNjI5OTd9.bpx7NWWGyxZwGkIF24v8Pu5_wwX4hfkrzskl3deNVrs"
time=2024-10-16T12:46:37.859+05:30 level=INFO module=nivindu_lakshitha/Backend.logger_writter message="Authorization successful: Bearer eyJhbGciOiJIUzI1NiIsInR5cCI6IkpXVCJ9.eyJpYXQiOjE3MjkwNjI5OTd9.bpx7NWWGyxZwGkIF24v8Pu5_wwX4hfkrzskl3deNVrs"
time=2024-10-16T12:46:38.257+05:30 level=INFO module=nivindu_lakshitha/Backend.logger_writter message="Document count successfully. Query: {\"email\":\"admin@localhost\"}"
time=2024-10-16T12:46:38.778+05:30 level=INFO module=nivindu_lakshitha/Backend.logger_writter message="Document retrieved successfully. {\"id\":\"onTKFPmZDez5Lp6FILCuP\", \"tagname\":\"FH7oacZA1ue\", \"fullname\":\"Admin\", \"email\":\"admin@localhost\", \"password\":\"admin\", \"websocketId\":null, \"jwtoken\":null}"
time=2024-10-16T12:46:39.912+05:30 level=INFO module=nivindu_lakshitha/Backend.logger_writter message="Document count successfully. Query: {\"email\":\"admin@localhost\"}"
time=2024-10-16T12:46:40.104+05:30 level=INFO module=nivindu_lakshitha/Backend.logger_writter message="Document retrieved successfully. {\"id\":\"5zhrh36ffwlYGlXCTWloN\", \"tagname\":\"Iva7HsdbBcb\", \"fullname\":\"Admin\", \"email\":\"admin@localhost\", \"password\":\"admin\", \"websocketId\":null, \"jwtoken\":null}"
time=2024-10-16T12:46:48.968+05:30 level=INFO module=nivindu_lakshitha/Backend.logger_writter message="Authorization successful: Bearer eyJhbGciOiJIUzI1NiIsInR5cCI6IkpXVCJ9.eyJpYXQiOjE3MjkwNjMwMDh9.ydnirixftqUkDygdYurTb0uOGZfarppBBXgqGNLKlSs"
time=2024-10-16T12:46:49.350+05:30 level=INFO module=nivindu_lakshitha/Backend.logger_writter message="Authorization successful: Bearer eyJhbGciOiJIUzI1NiIsInR5cCI6IkpXVCJ9.eyJpYXQiOjE3MjkwNjMwMDl9.LMdNbXvV5617_wE7JslCOWAoXWxKsUk4SIK_OSqxLnw"
time=2024-10-16T12:46:53.031+05:30 level=INFO module=nivindu_lakshitha/Backend.logger_writter message="Document count successfully. Query: {\"email\":\"admin@localhost\"}"
time=2024-10-16T12:46:53.107+05:30 level=INFO module=nivindu_lakshitha/Backend.logger_writter message="Document retrieved successfully. {\"id\":\"ZkT6qC6eGivuLI7Gd5M5Q\", \"tagname\":\"GOr0iNwNBgs\", \"fullname\":\"Admin\", \"email\":\"admin@localhost\", \"password\":\"admin\", \"websocketId\":null, \"jwtoken\":null}"
time=2024-10-16T12:46:53.306+05:30 level=INFO module=nivindu_lakshitha/Backend.logger_writter message="Document count successfully. Query: {\"email\":\"admin@localhost\"}"
time=2024-10-16T12:46:53.425+05:30 level=INFO module=nivindu_lakshitha/Backend.logger_writter message="Document retrieved successfully. {\"id\":\"fESmhLx0Aosqv374XLE6P\", \"tagname\":\"spdpTlXdX5C\", \"fullname\":\"Admin\", \"email\":\"admin@localhost\", \"password\":\"admin\", \"websocketId\":null, \"jwtoken\":null}"
time=2024-10-16T12:46:53.546+05:30 level=INFO module=nivindu_lakshitha/Backend.logger_writter message="Authorization successful: Bearer eyJhbGciOiJIUzI1NiIsInR5cCI6IkpXVCJ9.eyJpYXQiOjE3MjkwNjMwMTN9.GLeiXDplsh4mamtWzIt4pmJp6Sh66TNC_G4fqouwO70"
time=2024-10-16T12:46:53.646+05:30 level=INFO module=nivindu_lakshitha/Backend.logger_writter message="Authorization successful: Bearer eyJhbGciOiJIUzI1NiIsInR5cCI6IkpXVCJ9.eyJpYXQiOjE3MjkwNjMwMTN9.GLeiXDplsh4mamtWzIt4pmJp6Sh66TNC_G4fqouwO70"
time=2024-10-16T12:46:54.110+05:30 level=INFO module=nivindu_lakshitha/Backend.logger_writter message="Document count successfully. Query: {\"email\":\"admin@localhost\"}"
time=2024-10-16T12:46:54.238+05:30 level=INFO module=nivindu_lakshitha/Backend.logger_writter message="Document retrieved successfully. {\"id\":\"PYdCkYOsrxfxCXuro0Who\", \"tagname\":\"qXciVBImSe6\", \"fullname\":\"Admin\", \"email\":\"admin@localhost\", \"password\":\"admin\", \"websocketId\":null, \"jwtoken\":null}"
time=2024-10-16T12:46:54.362+05:30 level=INFO module=nivindu_lakshitha/Backend.logger_writter message="Authorization successful: Bearer eyJhbGciOiJIUzI1NiIsInR5cCI6IkpXVCJ9.eyJpYXQiOjE3MjkwNjMwMTR9.jmxRR-ElhPENL97kIHjgeqr-5Hsf138SaF-XM1ZSnac"
time=2024-10-16T12:46:54.564+05:30 level=INFO module=nivindu_lakshitha/Backend.logger_writter message="Authorization successful: Bearer eyJhbGciOiJIUzI1NiIsInR5cCI6IkpXVCJ9.eyJpYXQiOjE3MjkwNjMwMTR9.jmxRR-ElhPENL97kIHjgeqr-5Hsf138SaF-XM1ZSnac"
time=2024-10-16T12:46:54.734+05:30 level=INFO module=nivindu_lakshitha/Backend.logger_writter message="Document count successfully. Query: {\"email\":\"admin@localhost\"}"
time=2024-10-16T12:46:54.812+05:30 level=INFO module=nivindu_lakshitha/Backend.logger_writter message="Document retrieved successfully. {\"id\":\"gcJxaSYlwratYLtYzocmH\", \"tagname\":\"zQH2PfDJqrW\", \"fullname\":\"Admin\", \"email\":\"admin@localhost\", \"password\":\"admin\", \"websocketId\":null, \"jwtoken\":null}"
time=2024-10-16T12:46:55.020+05:30 level=INFO module=nivindu_lakshitha/Backend.logger_writter message="Document count successfully. Query: {\"email\":\"admin@localhost\"}"
time=2024-10-16T12:46:55.099+05:30 level=INFO module=nivindu_lakshitha/Backend.logger_writter message="Document retrieved successfully. {\"id\":\"BeILa4c2g1GLjVOkMzivh\", \"tagname\":\"OnX4J7uKM4S\", \"fullname\":\"Admin\", \"email\":\"admin@localhost\", \"password\":\"admin\", \"websocketId\":null, \"jwtoken\":null}"
time=2024-10-16T12:46:55.312+05:30 level=INFO module=nivindu_lakshitha/Backend.logger_writter message="Document count successfully. Query: {\"email\":\"admin@localhost\"}"
time=2024-10-16T12:46:55.396+05:30 level=INFO module=nivindu_lakshitha/Backend.logger_writter message="Document retrieved successfully. {\"id\":\"pszvB0Fora8uTUUhe0ma0\", \"tagname\":\"k7xuKJIINHl\", \"fullname\":\"Admin\", \"email\":\"admin@localhost\", \"password\":\"admin\", \"websocketId\":null, \"jwtoken\":null}"
time=2024-10-16T12:47:22.595+05:30 level=INFO module=nivindu_lakshitha/Backend.logger_writter message="Authorization successful: Bearer eyJhbGciOiJIUzI1NiIsInR5cCI6IkpXVCJ9.eyJpYXQiOjE3MjkwNjMwNDJ9.lg9CSAfpJVYicHGmNMtZCknU00hU2mca_6_fc8hSLqg"
time=2024-10-16T12:47:22.750+05:30 level=INFO module=nivindu_lakshitha/Backend.logger_writter message="Authorization successful: Bearer eyJhbGciOiJIUzI1NiIsInR5cCI6IkpXVCJ9.eyJpYXQiOjE3MjkwNjMwNDJ9.lg9CSAfpJVYicHGmNMtZCknU00hU2mca_6_fc8hSLqg"
time=2024-10-16T12:47:22.988+05:30 level=INFO module=nivindu_lakshitha/Backend.logger_writter message="Document count successfully. Query: {\"email\":\"admin@localhost\"}"
time=2024-10-16T12:47:23.086+05:30 level=INFO module=nivindu_lakshitha/Backend.logger_writter message="Document retrieved successfully. {\"id\":\"z7wFy0ZORlbKsyM2qolOM\", \"tagname\":\"4Y3almPK2pb\", \"fullname\":\"Admin\", \"email\":\"admin@localhost\", \"password\":\"admin\", \"websocketId\":null, \"jwtoken\":null}"
time=2024-10-16T12:47:23.454+05:30 level=INFO module=nivindu_lakshitha/Backend.logger_writter message="Document count successfully. Query: {\"email\":\"admin@localhost\"}"
time=2024-10-16T12:47:23.561+05:30 level=INFO module=nivindu_lakshitha/Backend.logger_writter message="Document retrieved successfully. {\"id\":\"Bbran1MD7bCyZcQdPzHxi\", \"tagname\":\"RmxQodamiF3\", \"fullname\":\"Admin\", \"email\":\"admin@localhost\", \"password\":\"admin\", \"websocketId\":null, \"jwtoken\":null}"
time=2024-10-16T12:49:10.256+05:30 level=INFO module=nivindu_lakshitha/Backend.logger_writter message="Authorization successful: Bearer eyJhbGciOiJIUzI1NiIsInR5cCI6IkpXVCJ9.eyJpYXQiOjE3MjkwNjMxNTB9.P2QuUXfFqDZXdAIJKrFUboJSeD38jpwwpsD72hJdcjM"
time=2024-10-16T12:49:10.349+05:30 level=INFO module=nivindu_lakshitha/Backend.logger_writter message="Authorization successful: Bearer eyJhbGciOiJIUzI1NiIsInR5cCI6IkpXVCJ9.eyJpYXQiOjE3MjkwNjMxNTB9.P2QuUXfFqDZXdAIJKrFUboJSeD38jpwwpsD72hJdcjM"
time=2024-10-16T12:49:10.554+05:30 level=INFO module=nivindu_lakshitha/Backend.logger_writter message="Document count successfully. Query: {\"email\":\"admin@localhost\"}"
time=2024-10-16T12:49:10.638+05:30 level=INFO module=nivindu_lakshitha/Backend.logger_writter message="Document retrieved successfully. {\"id\":\"EJLqIkOPD7bEFEjxiWM1X\", \"tagname\":\"hjJcznpOoW3\", \"fullname\":\"Admin\", \"email\":\"admin@localhost\", \"password\":\"admin\", \"websocketId\":null, \"jwtoken\":null}"
time=2024-10-16T12:49:10.852+05:30 level=INFO module=nivindu_lakshitha/Backend.logger_writter message="Document count successfully. Query: {\"email\":\"admin@localhost\"}"
time=2024-10-16T12:49:10.932+05:30 level=INFO module=nivindu_lakshitha/Backend.logger_writter message="Document retrieved successfully. {\"id\":\"Sq7aQMDlxjzmCIguCMssC\", \"tagname\":\"wLTCz1FgQiR\", \"fullname\":\"Admin\", \"email\":\"admin@localhost\", \"password\":\"admin\", \"websocketId\":null, \"jwtoken\":null}"
time=2024-10-16T12:49:24.296+05:30 level=INFO module=nivindu_lakshitha/Backend.logger_writter message="Authorization successful: Bearer eyJhbGciOiJIUzI1NiIsInR5cCI6IkpXVCJ9.eyJpYXQiOjE3MjkwNjMxNjR9.UcwHrQs1axyHDmvFGVtK8mlHCgqwJ8j5iLjoS21IW3Y"
time=2024-10-16T12:49:24.397+05:30 level=INFO module=nivindu_lakshitha/Backend.logger_writter message="Authorization successful: Bearer eyJhbGciOiJIUzI1NiIsInR5cCI6IkpXVCJ9.eyJpYXQiOjE3MjkwNjMxNjR9.UcwHrQs1axyHDmvFGVtK8mlHCgqwJ8j5iLjoS21IW3Y"
time=2024-10-16T12:49:24.612+05:30 level=INFO module=nivindu_lakshitha/Backend.logger_writter message="Document count successfully. Query: {\"email\":\"admin@localhost\"}"
time=2024-10-16T12:49:24.703+05:30 level=INFO module=nivindu_lakshitha/Backend.logger_writter message="Document retrieved successfully. {\"id\":\"zxzou0zNRBouIrTyNkw1i\", \"tagname\":\"cD0nTjtxMEt\", \"fullname\":\"Admin\", \"email\":\"admin@localhost\", \"password\":\"admin\", \"websocketId\":null, \"jwtoken\":null}"
time=2024-10-16T12:49:24.970+05:30 level=INFO module=nivindu_lakshitha/Backend.logger_writter message="Document count successfully. Query: {\"email\":\"admin@localhost\"}"
time=2024-10-16T12:49:25.058+05:30 level=INFO module=nivindu_lakshitha/Backend.logger_writter message="Document retrieved successfully. {\"id\":\"7H4YHcrXxdqvma6jiMwVW\", \"tagname\":\"zVZJ6JibnpZ\", \"fullname\":\"Admin\", \"email\":\"admin@localhost\", \"password\":\"admin\", \"websocketId\":null, \"jwtoken\":null}"
time=2024-10-16T12:49:33.623+05:30 level=INFO module=nivindu_lakshitha/Backend.logger_writter message="Document count successfully. Query: {\"email\":\"admin@localhost\"}"
time=2024-10-16T12:49:33.696+05:30 level=INFO module=nivindu_lakshitha/Backend.logger_writter message="Document retrieved successfully. {\"id\":\"ofqWfwHchW74a7JtSrW6x\", \"tagname\":\"ybd1cMlke1G\", \"fullname\":\"Admin\", \"email\":\"admin@localhost\", \"password\":\"admin\", \"websocketId\":null, \"jwtoken\":null}"
time=2024-10-16T12:49:36.147+05:30 level=INFO module=nivindu_lakshitha/Backend.logger_writter message="Document count successfully. Query: {\"email\":\"admin@localhost\"}"
time=2024-10-16T12:49:36.431+05:30 level=INFO module=nivindu_lakshitha/Backend.logger_writter message="Document retrieved successfully. {\"id\":\"FCn1eIgwHGrAQwXf0nNUL\", \"tagname\":\"s16i5QXY2mE\", \"fullname\":\"Admin\", \"email\":\"admin@localhost\", \"password\":\"admin\", \"websocketId\":null, \"jwtoken\":null}"
time=2024-10-16T12:49:43.207+05:30 level=INFO module=nivindu_lakshitha/Backend.logger_writter message="Authorization successful: Bearer eyJhbGciOiJIUzI1NiIsInR5cCI6IkpXVCJ9.eyJpYXQiOjE3MjkwNjMxODN9.dhQsZPIXnFRUmvHi3X2CiAeJwyz6o1HUDms1bfva_j0"
time=2024-10-16T12:49:43.316+05:30 level=INFO module=nivindu_lakshitha/Backend.logger_writter message="Authorization successful: Bearer eyJhbGciOiJIUzI1NiIsInR5cCI6IkpXVCJ9.eyJpYXQiOjE3MjkwNjMxODN9.dhQsZPIXnFRUmvHi3X2CiAeJwyz6o1HUDms1bfva_j0"
time=2024-10-16T12:49:55.567+05:30 level=INFO module=nivindu_lakshitha/Backend.logger_writter message="Authorization successful: Bearer eyJhbGciOiJIUzI1NiIsInR5cCI6IkpXVCJ9.eyJpYXQiOjE3MjkwNjMxOTV9.XesuXUnl0RQ6nIq8C5JxlKHJhICStKHcYun34Ydh3fg"
time=2024-10-16T12:49:55.656+05:30 level=INFO module=nivindu_lakshitha/Backend.logger_writter message="Authorization successful: Bearer eyJhbGciOiJIUzI1NiIsInR5cCI6IkpXVCJ9.eyJpYXQiOjE3MjkwNjMxOTV9.XesuXUnl0RQ6nIq8C5JxlKHJhICStKHcYun34Ydh3fg"
time=2024-10-16T12:49:56.525+05:30 level=INFO module=nivindu_lakshitha/Backend.logger_writter message="Document count successfully. Query: {\"email\":\"admin@localhost\"}"
time=2024-10-16T12:49:56.528+05:30 level=ERROR module=nivindu_lakshitha/Backend.logger_writter message="User already exists."
time=2024-10-16T12:49:56.819+05:30 level=INFO module=nivindu_lakshitha/Backend.logger_writter message="Document count successfully. Query: {\"email\":\"admin@localhost\"}"
time=2024-10-16T12:49:56.825+05:30 level=ERROR module=nivindu_lakshitha/Backend.logger_writter message="User already exists."
time=2024-10-16T12:50:05.728+05:30 level=INFO module=nivindu_lakshitha/Backend.logger_writter message="Authorization successful: Bearer eyJhbGciOiJIUzI1NiIsInR5cCI6IkpXVCJ9.eyJpYXQiOjE3MjkwNjMyMDV9.Hkq5LIHkJiIua1TfjqC0P1tm1mFbUvezwJmx_eZ9Fpo"
time=2024-10-16T12:50:05.822+05:30 level=INFO module=nivindu_lakshitha/Backend.logger_writter message="Authorization successful: Bearer eyJhbGciOiJIUzI1NiIsInR5cCI6IkpXVCJ9.eyJpYXQiOjE3MjkwNjMyMDV9.Hkq5LIHkJiIua1TfjqC0P1tm1mFbUvezwJmx_eZ9Fpo"
time=2024-10-16T12:50:06.107+05:30 level=INFO module=nivindu_lakshitha/Backend.logger_writter message="Document count successfully. Query: {\"email\":\"admin@localhost\"}"
time=2024-10-16T12:50:06.281+05:30 level=INFO module=nivindu_lakshitha/Backend.logger_writter message="Document retrieved successfully. {\"id\":\"ZPOqdcleBi4FSKHYdbpwV\", \"tagname\":\"S5kKFhfkuTm\", \"fullname\":\"Admin\", \"email\":\"admin@localhost\", \"password\":\"admin\", \"websocketId\":null, \"jwtoken\":null}"
time=2024-10-16T12:50:06.566+05:30 level=INFO module=nivindu_lakshitha/Backend.logger_writter message="Document count successfully. Query: {\"email\":\"admin@localhost\"}"
time=2024-10-16T12:50:06.751+05:30 level=INFO module=nivindu_lakshitha/Backend.logger_writter message="Document retrieved successfully. {\"id\":\"jEsC60TiOweFoeTSXmMEs\", \"tagname\":\"Dq3Nt2hXgYQ\", \"fullname\":\"Admin\", \"email\":\"admin@localhost\", \"password\":\"admin\", \"websocketId\":null, \"jwtoken\":null}"
time=2024-10-16T12:50:45.053+05:30 level=INFO module=nivindu_lakshitha/Backend.logger_writter message="Authorization successful: Bearer eyJhbGciOiJIUzI1NiIsInR5cCI6IkpXVCJ9.eyJpYXQiOjE3MjkwNjMyNDV9.TiOQXYkWbDX8WG-2q49r9K7KVoSjebxaS6brJf8lLWs"
time=2024-10-16T12:50:45.216+05:30 level=INFO module=nivindu_lakshitha/Backend.logger_writter message="Authorization successful: Bearer eyJhbGciOiJIUzI1NiIsInR5cCI6IkpXVCJ9.eyJpYXQiOjE3MjkwNjMyNDV9.TiOQXYkWbDX8WG-2q49r9K7KVoSjebxaS6brJf8lLWs"
time=2024-10-16T12:50:46.913+05:30 level=INFO module=nivindu_lakshitha/Backend.logger_writter message="Document count successfully. Query: {\"email\":\"admin@localhost\"}"
time=2024-10-16T12:50:47.030+05:30 level=INFO module=nivindu_lakshitha/Backend.logger_writter message="Document retrieved successfully. {\"id\":\"SJZnsfcqpHmYXIsOBeh2E\", \"tagname\":\"hmVJc5DBsLe\", \"fullname\":\"Admin\", \"email\":\"admin@localhost\", \"password\":\"admin\", \"websocketId\":null, \"jwtoken\":null}"
time=2024-10-16T12:50:47.249+05:30 level=INFO module=nivindu_lakshitha/Backend.logger_writter message="Document count successfully. Query: {\"email\":\"admin@localhost\"}"
time=2024-10-16T12:50:47.414+05:30 level=INFO module=nivindu_lakshitha/Backend.logger_writter message="Document retrieved successfully. {\"id\":\"0peBfBcZrcqaOEtJCxzZg\", \"tagname\":\"InnFNkvezIR\", \"fullname\":\"Admin\", \"email\":\"admin@localhost\", \"password\":\"admin\", \"websocketId\":null, \"jwtoken\":null}"
time=2024-10-16T12:50:55.891+05:30 level=INFO module=nivindu_lakshitha/Backend.logger_writter message="Authorization successful: Bearer eyJhbGciOiJIUzI1NiIsInR5cCI6IkpXVCJ9.eyJpYXQiOjE3MjkwNjMyNTV9.3OjPmMmEm4eR_f3U4XAVNVNQWJV8IqEMOWHJ52hXtVI"
time=2024-10-16T12:50:55.990+05:30 level=INFO module=nivindu_lakshitha/Backend.logger_writter message="Authorization successful: Bearer eyJhbGciOiJIUzI1NiIsInR5cCI6IkpXVCJ9.eyJpYXQiOjE3MjkwNjMyNTV9.3OjPmMmEm4eR_f3U4XAVNVNQWJV8IqEMOWHJ52hXtVI"
time=2024-10-16T12:50:56.173+05:30 level=INFO module=nivindu_lakshitha/Backend.logger_writter message="Document count successfully. Query: {\"email\":\"admin@localhost\"}"
time=2024-10-16T12:50:56.244+05:30 level=INFO module=nivindu_lakshitha/Backend.logger_writter message="Document retrieved successfully. {\"id\":\"hyblyPe5dWrMBd7fK2mai\", \"tagname\":\"iuigOdT4CcQ\", \"fullname\":\"Admin\", \"email\":\"admin@localhost\", \"password\":\"admin\", \"websocketId\":null, \"jwtoken\":null}"
time=2024-10-16T12:50:56.403+05:30 level=INFO module=nivindu_lakshitha/Backend.logger_writter message="Document count successfully. Query: {\"email\":\"admin@localhost\"}"
time=2024-10-16T12:50:56.475+05:30 level=INFO module=nivindu_lakshitha/Backend.logger_writter message="Document retrieved successfully. {\"id\":\"lYJORknbeBDlsLX44uWbB\", \"tagname\":\"HH2u5zhDDSV\", \"fullname\":\"Admin\", \"email\":\"admin@localhost\", \"password\":\"admin\", \"websocketId\":null, \"jwtoken\":null}"
time=2024-10-16T15:09:53.737+05:30 level=ERROR module=nivindu_lakshitha/Backend.logger_writter message="Connection is not alive."
time=2024-10-16T15:09:53.863+05:30 level=ERROR module=nivindu_lakshitha/Backend.logger_writter message="Connection is not alive."
time=2024-10-16T15:14:51.994+05:30 level=ERROR module=nivindu_lakshitha/Backend.logger_writter message="Connection is not alive."
time=2024-10-16T15:14:58.468+05:30 level=ERROR module=nivindu_lakshitha/Backend.logger_writter message="Connection is not alive."
time=2024-10-16T15:15:01.336+05:30 level=INFO module=nivindu_lakshitha/Backend.logger_writter message="Authorization successful"
time=2024-10-16T15:15:01.525+05:30 level=INFO module=nivindu_lakshitha/Backend.logger_writter message="Authorization successful"
time=2024-10-16T15:15:18.235+05:30 level=INFO module=nivindu_lakshitha/Backend.logger_writter message="Authorization successful"
time=2024-10-16T15:15:18.308+05:30 level=INFO module=nivindu_lakshitha/Backend.logger_writter message="Authorization successful"
time=2024-10-16T15:15:19.543+05:30 level=INFO module=nivindu_lakshitha/Backend.logger_writter message="Document count successfully. Query: {\"email\":\"admin@localhost\"}"
time=2024-10-16T15:15:19.548+05:30 level=ERROR module=nivindu_lakshitha/Backend.logger_writter message="User already exists."
time=2024-10-16T15:15:19.777+05:30 level=INFO module=nivindu_lakshitha/Backend.logger_writter message="Document count successfully. Query: {\"email\":\"admin@localhost\"}"
time=2024-10-16T15:15:19.781+05:30 level=ERROR module=nivindu_lakshitha/Backend.logger_writter message="User already exists."
time=2024-10-16T15:15:28.259+05:30 level=INFO module=nivindu_lakshitha/Backend.logger_writter message="Authorization successful"
time=2024-10-16T15:15:28.359+05:30 level=INFO module=nivindu_lakshitha/Backend.logger_writter message="Authorization successful"
time=2024-10-16T15:15:29.959+05:30 level=INFO module=nivindu_lakshitha/Backend.logger_writter message="Document count successfully. Query: {\"email\":\"admin@localhost\"}"
time=2024-10-16T15:15:29.965+05:30 level=ERROR module=nivindu_lakshitha/Backend.logger_writter message="User already exists."
time=2024-10-16T15:15:30.402+05:30 level=INFO module=nivindu_lakshitha/Backend.logger_writter message="Document count successfully. Query: {\"email\":\"admin@localhost\"}"
time=2024-10-16T15:15:30.408+05:30 level=ERROR module=nivindu_lakshitha/Backend.logger_writter message="User already exists."
time=2024-10-16T15:26:03.990+05:30 level=INFO module=nivindu_lakshitha/Backend.logger_writter message="Authorization successful"
time=2024-10-16T15:26:04.727+05:30 level=INFO module=nivindu_lakshitha/Backend.logger_writter message="Authorization successful"
time=2024-10-16T15:26:22.307+05:30 level=INFO module=nivindu_lakshitha/Backend.logger_writter message="Document count successfully. Query: {\"email\":\"admin@localhost\"}"
time=2024-10-16T15:26:22.314+05:30 level=ERROR module=nivindu_lakshitha/Backend.logger_writter message="User already exists."
time=2024-10-16T15:26:25.215+05:30 level=INFO module=nivindu_lakshitha/Backend.logger_writter message="Document count successfully. Query: {\"email\":\"admin@localhost\"}"
time=2024-10-16T15:26:25.219+05:30 level=ERROR module=nivindu_lakshitha/Backend.logger_writter message="User already exists."
time=2024-10-16T15:26:29.742+05:30 level=INFO module=nivindu_lakshitha/Backend.logger_writter message="Authorization successful"
time=2024-10-16T15:26:29.795+05:30 level=INFO module=nivindu_lakshitha/Backend.logger_writter message="Authorization successful"
time=2024-10-16T15:26:29.851+05:30 level=INFO module=nivindu_lakshitha/Backend.logger_writter message="Authorization successful"
time=2024-10-16T15:26:29.913+05:30 level=INFO module=nivindu_lakshitha/Backend.logger_writter message="Authorization successful"
time=2024-10-16T15:26:31.518+05:30 level=INFO module=nivindu_lakshitha/Backend.logger_writter message="Document count successfully. Query: {\"email\":\"admin@localhost\"}"
time=2024-10-16T15:26:31.523+05:30 level=ERROR module=nivindu_lakshitha/Backend.logger_writter message="User already exists."
time=2024-10-16T15:26:32.340+05:30 level=INFO module=nivindu_lakshitha/Backend.logger_writter message="Document count successfully. Query: {\"email\":\"admin@localhost\"}"
time=2024-10-16T15:26:32.346+05:30 level=ERROR module=nivindu_lakshitha/Backend.logger_writter message="User already exists."
time=2024-10-16T15:26:32.404+05:30 level=INFO module=nivindu_lakshitha/Backend.logger_writter message="Authorization successful"
time=2024-10-16T15:26:32.471+05:30 level=INFO module=nivindu_lakshitha/Backend.logger_writter message="Authorization successful"
time=2024-10-16T15:26:32.599+05:30 level=INFO module=nivindu_lakshitha/Backend.logger_writter message="Document count successfully. Query: {\"email\":\"admin@localhost\"}"
time=2024-10-16T15:26:32.603+05:30 level=ERROR module=nivindu_lakshitha/Backend.logger_writter message="User already exists."
time=2024-10-16T15:26:32.724+05:30 level=INFO module=nivindu_lakshitha/Backend.logger_writter message="Document count successfully. Query: {\"email\":\"admin@localhost\"}"
time=2024-10-16T15:26:32.729+05:30 level=ERROR module=nivindu_lakshitha/Backend.logger_writter message="User already exists."
time=2024-10-16T15:26:32.890+05:30 level=INFO module=nivindu_lakshitha/Backend.logger_writter message="Document count successfully. Query: {\"email\":\"admin@localhost\"}"
time=2024-10-16T15:26:32.895+05:30 level=ERROR module=nivindu_lakshitha/Backend.logger_writter message="User already exists."
time=2024-10-16T15:26:33.020+05:30 level=INFO module=nivindu_lakshitha/Backend.logger_writter message="Document count successfully. Query: {\"email\":\"admin@localhost\"}"
time=2024-10-16T15:26:33.024+05:30 level=ERROR module=nivindu_lakshitha/Backend.logger_writter message="User already exists."
time=2024-10-16T15:26:48.154+05:30 level=INFO module=nivindu_lakshitha/Backend.logger_writter message="Authorization successful"
time=2024-10-16T15:26:48.676+05:30 level=INFO module=nivindu_lakshitha/Backend.logger_writter message="Authorization successful"
time=2024-10-16T15:26:48.838+05:30 level=INFO module=nivindu_lakshitha/Backend.logger_writter message="Document count successfully. Query: {\"email\":\"admin@localhost\"}"
time=2024-10-16T15:26:48.843+05:30 level=ERROR module=nivindu_lakshitha/Backend.logger_writter message="User already exists."
time=2024-10-16T15:26:48.963+05:30 level=INFO module=nivindu_lakshitha/Backend.logger_writter message="Document count successfully. Query: {\"email\":\"admin@localhost\"}"
time=2024-10-16T15:26:48.968+05:30 level=ERROR module=nivindu_lakshitha/Backend.logger_writter message="User already exists."
time=2024-10-16T15:27:15.934+05:30 level=INFO module=nivindu_lakshitha/Backend.logger_writter message="Authorization successful"
time=2024-10-16T15:27:16.019+05:30 level=INFO module=nivindu_lakshitha/Backend.logger_writter message="Authorization successful"
time=2024-10-16T15:27:16.242+05:30 level=INFO module=nivindu_lakshitha/Backend.logger_writter message="Document count successfully. Query: {\"email\":\"admin@localhost\"}"
time=2024-10-16T15:27:16.247+05:30 level=ERROR module=nivindu_lakshitha/Backend.logger_writter message="User already exists."
time=2024-10-16T15:27:16.390+05:30 level=INFO module=nivindu_lakshitha/Backend.logger_writter message="Document count successfully. Query: {\"email\":\"admin@localhost\"}"
time=2024-10-16T15:27:16.397+05:30 level=ERROR module=nivindu_lakshitha/Backend.logger_writter message="User already exists."
time=2024-10-16T15:27:22.649+05:30 level=INFO module=nivindu_lakshitha/Backend.logger_writter message="Authorization successful"
time=2024-10-16T15:27:22.708+05:30 level=INFO module=nivindu_lakshitha/Backend.logger_writter message="Authorization successful"
time=2024-10-16T15:27:24.445+05:30 level=INFO module=nivindu_lakshitha/Backend.logger_writter message="Document count successfully. Query: {\"email\":\"admin@localhost\"}"
time=2024-10-16T15:27:24.448+05:30 level=ERROR module=nivindu_lakshitha/Backend.logger_writter message="User already exists."
time=2024-10-16T15:27:24.597+05:30 level=INFO module=nivindu_lakshitha/Backend.logger_writter message="Document count successfully. Query: {\"email\":\"admin@localhost\"}"
time=2024-10-16T15:27:24.602+05:30 level=ERROR module=nivindu_lakshitha/Backend.logger_writter message="User already exists."
time=2024-10-16T15:27:31.738+05:30 level=INFO module=nivindu_lakshitha/Backend.logger_writter message="Authorization successful"
time=2024-10-16T15:27:31.827+05:30 level=INFO module=nivindu_lakshitha/Backend.logger_writter message="Authorization successful"
time=2024-10-16T15:27:31.961+05:30 level=INFO module=nivindu_lakshitha/Backend.logger_writter message="Document count successfully. Query: {\"email\":\"admin@localhost\"}"
time=2024-10-16T15:27:31.967+05:30 level=ERROR module=nivindu_lakshitha/Backend.logger_writter message="User already exists."
time=2024-10-16T15:27:32.487+05:30 level=INFO module=nivindu_lakshitha/Backend.logger_writter message="Document count successfully. Query: {\"email\":\"admin@localhost\"}"
time=2024-10-16T15:27:32.491+05:30 level=ERROR module=nivindu_lakshitha/Backend.logger_writter message="User already exists."
time=2024-10-16T15:27:33.612+05:30 level=INFO module=nivindu_lakshitha/Backend.logger_writter message="Authorization successful"
time=2024-10-16T15:27:33.685+05:30 level=INFO module=nivindu_lakshitha/Backend.logger_writter message="Authorization successful"
time=2024-10-16T15:27:33.796+05:30 level=INFO module=nivindu_lakshitha/Backend.logger_writter message="Document count successfully. Query: {\"email\":\"admin@localhost\"}"
time=2024-10-16T15:27:33.800+05:30 level=ERROR module=nivindu_lakshitha/Backend.logger_writter message="User already exists."
time=2024-10-16T15:27:33.918+05:30 level=INFO module=nivindu_lakshitha/Backend.logger_writter message="Document count successfully. Query: {\"email\":\"admin@localhost\"}"
time=2024-10-16T15:27:33.922+05:30 level=ERROR module=nivindu_lakshitha/Backend.logger_writter message="User already exists."
time=2024-10-16T15:27:37.827+05:30 level=INFO module=nivindu_lakshitha/Backend.logger_writter message="Authorization successful"
time=2024-10-16T15:27:37.902+05:30 level=INFO module=nivindu_lakshitha/Backend.logger_writter message="Authorization successful"
time=2024-10-16T15:27:38.021+05:30 level=INFO module=nivindu_lakshitha/Backend.logger_writter message="Document count successfully. Query: {\"email\":\"admin@localhost\"}"
time=2024-10-16T15:27:38.025+05:30 level=ERROR module=nivindu_lakshitha/Backend.logger_writter message="User already exists."
time=2024-10-16T15:27:38.292+05:30 level=INFO module=nivindu_lakshitha/Backend.logger_writter message="Document count successfully. Query: {\"email\":\"admin@localhost\"}"
time=2024-10-16T15:27:38.297+05:30 level=ERROR module=nivindu_lakshitha/Backend.logger_writter message="User already exists."
time=2024-10-16T15:27:48.969+05:30 level=INFO module=nivindu_lakshitha/Backend.logger_writter message="Authorization successful"
time=2024-10-16T15:27:49.043+05:30 level=INFO module=nivindu_lakshitha/Backend.logger_writter message="Authorization successful"
time=2024-10-16T15:27:49.162+05:30 level=INFO module=nivindu_lakshitha/Backend.logger_writter message="Document count successfully. Query: {\"email\":\"admin@localhost\"}"
time=2024-10-16T15:27:49.166+05:30 level=ERROR module=nivindu_lakshitha/Backend.logger_writter message="User already exists."
time=2024-10-16T15:27:49.290+05:30 level=INFO module=nivindu_lakshitha/Backend.logger_writter message="Document count successfully. Query: {\"email\":\"admin@localhost\"}"
time=2024-10-16T15:27:49.294+05:30 level=ERROR module=nivindu_lakshitha/Backend.logger_writter message="User already exists."
